[INFO  - 2017-01-25T05:00:19.534Z] GhostDriver - Main - running on port 60891
[INFO  - 2017-01-25T05:00:20.729Z] Session [2c0d2700-e2bb-11e6-9374-2756403f6f89] - page.settings - {"XSSAuditingEnabled":false,"javascriptCanCloseWindows":true,"javascriptCanOpenWindows":true,"javascriptEnabled":true,"loadImages":true,"localToRemoteUrlAccessEnabled":false,"userAgent":"Mozilla/5.0 (Windows NT 6.2; WOW64) AppleWebKit/538.1 (KHTML, like Gecko) PhantomJS/2.0.0 Safari/538.1","webSecurityEnabled":true}
[INFO  - 2017-01-25T05:00:20.729Z] Session [2c0d2700-e2bb-11e6-9374-2756403f6f89] - page.customHeaders:  - {}
[INFO  - 2017-01-25T05:00:20.729Z] Session [2c0d2700-e2bb-11e6-9374-2756403f6f89] - Session.negotiatedCapabilities - {"browserName":"phantomjs","version":"2.0.0","driverName":"ghostdriver","driverVersion":"1.2.0","platform":"windows-8-32bit","javascriptEnabled":true,"takesScreenshot":true,"handlesAlerts":false,"databaseEnabled":false,"locationContextEnabled":false,"applicationCacheEnabled":false,"browserConnectionEnabled":false,"cssSelectorsEnabled":true,"webStorageEnabled":false,"rotatable":false,"acceptSslCerts":false,"nativeEvents":true,"proxy":{"proxyType":"direct"}}
[INFO  - 2017-01-25T05:00:20.730Z] SessionManagerReqHand - _postNewSessionCommand - New Session Created: 2c0d2700-e2bb-11e6-9374-2756403f6f89
[ERROR - 2017-01-25T05:00:27.602Z] Session [2c0d2700-e2bb-11e6-9374-2756403f6f89] - page.onError - msg: TypeError: undefined is not a constructor (evaluating 'analyticsData.pageInfo.pageName.includes("needhelp")')

  :262 in error
[ERROR - 2017-01-25T05:00:27.602Z] Session [2c0d2700-e2bb-11e6-9374-2756403f6f89] - page.onError - stack:
  (anonymous function) (https://assets.adobedtm.com/0e7b672045ee83668b855f27c7ca513ce7c91250/satelliteLib-9879e8cf2873feb9f7f8a32cd2e04939b2b12891.js:4)
  (anonymous function) (https://assets.adobedtm.com/0e7b672045ee83668b855f27c7ca513ce7c91250/satelliteLib-9879e8cf2873feb9f7f8a32cd2e04939b2b12891.js:3)
  (anonymous function) (https://assets.adobedtm.com/0e7b672045ee83668b855f27c7ca513ce7c91250/satelliteLib-9879e8cf2873feb9f7f8a32cd2e04939b2b12891.js:3)
  each (https://assets.adobedtm.com/0e7b672045ee83668b855f27c7ca513ce7c91250/satelliteLib-9879e8cf2873feb9f7f8a32cd2e04939b2b12891.js:2)
  executeCustomSetupFuns (https://assets.adobedtm.com/0e7b672045ee83668b855f27c7ca513ce7c91250/satelliteLib-9879e8cf2873feb9f7f8a32cd2e04939b2b12891.js:3)
  sendBeacon (https://assets.adobedtm.com/0e7b672045ee83668b855f27c7ca513ce7c91250/satelliteLib-9879e8cf2873feb9f7f8a32cd2e04939b2b12891.js:3)
  onSCodeLoaded (https://assets.adobedtm.com/0e7b672045ee83668b855f27c7ca513ce7c91250/satelliteLib-9879e8cf2873feb9f7f8a32cd2e04939b2b12891.js:3)
  (anonymous function) (https://assets.adobedtm.com/0e7b672045ee83668b855f27c7ca513ce7c91250/satelliteLib-9879e8cf2873feb9f7f8a32cd2e04939b2b12891.js:2)
  i (https://assets.adobedtm.com/0e7b672045ee83668b855f27c7ca513ce7c91250/satelliteLib-9879e8cf2873feb9f7f8a32cd2e04939b2b12891.js:2)
  onload (https://assets.adobedtm.com/0e7b672045ee83668b855f27c7ca513ce7c91250/satelliteLib-9879e8cf2873feb9f7f8a32cd2e04939b2b12891.js:2)

  :262 in error
[ERROR - 2017-01-25T05:00:38.859Z] Session [2c0d2700-e2bb-11e6-9374-2756403f6f89] - page.onError - msg: TypeError: undefined is not a constructor (evaluating 'analyticsData.pageInfo.pageName.includes("needhelp")')

  :262 in error
[ERROR - 2017-01-25T05:00:38.859Z] Session [2c0d2700-e2bb-11e6-9374-2756403f6f89] - page.onError - stack:
  (anonymous function) (https://assets.adobedtm.com/0e7b672045ee83668b855f27c7ca513ce7c91250/satelliteLib-9879e8cf2873feb9f7f8a32cd2e04939b2b12891.js:4)
  (anonymous function) (https://assets.adobedtm.com/0e7b672045ee83668b855f27c7ca513ce7c91250/satelliteLib-9879e8cf2873feb9f7f8a32cd2e04939b2b12891.js:3)
  (anonymous function) (https://assets.adobedtm.com/0e7b672045ee83668b855f27c7ca513ce7c91250/satelliteLib-9879e8cf2873feb9f7f8a32cd2e04939b2b12891.js:3)
  each (https://assets.adobedtm.com/0e7b672045ee83668b855f27c7ca513ce7c91250/satelliteLib-9879e8cf2873feb9f7f8a32cd2e04939b2b12891.js:2)
  executeCustomSetupFuns (https://assets.adobedtm.com/0e7b672045ee83668b855f27c7ca513ce7c91250/satelliteLib-9879e8cf2873feb9f7f8a32cd2e04939b2b12891.js:3)
  sendBeacon (https://assets.adobedtm.com/0e7b672045ee83668b855f27c7ca513ce7c91250/satelliteLib-9879e8cf2873feb9f7f8a32cd2e04939b2b12891.js:3)
  onSCodeLoaded (https://assets.adobedtm.com/0e7b672045ee83668b855f27c7ca513ce7c91250/satelliteLib-9879e8cf2873feb9f7f8a32cd2e04939b2b12891.js:3)
  (anonymous function) (https://assets.adobedtm.com/0e7b672045ee83668b855f27c7ca513ce7c91250/satelliteLib-9879e8cf2873feb9f7f8a32cd2e04939b2b12891.js:2)
  i (https://assets.adobedtm.com/0e7b672045ee83668b855f27c7ca513ce7c91250/satelliteLib-9879e8cf2873feb9f7f8a32cd2e04939b2b12891.js:2)
  onload (https://assets.adobedtm.com/0e7b672045ee83668b855f27c7ca513ce7c91250/satelliteLib-9879e8cf2873feb9f7f8a32cd2e04939b2b12891.js:2)

  :262 in error
[ERROR - 2017-01-25T05:00:46.297Z] Session [2c0d2700-e2bb-11e6-9374-2756403f6f89] - page.onError - msg: ReferenceError: Can't find variable: CQ

  :262 in error
[ERROR - 2017-01-25T05:00:46.298Z] Session [2c0d2700-e2bb-11e6-9374-2756403f6f89] - page.onError - stack:
  global code (https://www.hercrentals.com/etc/clientlibs/hercfoundation/js/multi-field.js:1)

  :262 in error
[ERROR - 2017-01-25T05:00:46.489Z] Session [2c0d2700-e2bb-11e6-9374-2756403f6f89] - page.onError - msg: TypeError: undefined is not a constructor (evaluating 'analyticsData.pageInfo.pageName.includes("needhelp")')

  :262 in error
[ERROR - 2017-01-25T05:00:46.489Z] Session [2c0d2700-e2bb-11e6-9374-2756403f6f89] - page.onError - stack:
  (anonymous function) (https://assets.adobedtm.com/0e7b672045ee83668b855f27c7ca513ce7c91250/satelliteLib-9879e8cf2873feb9f7f8a32cd2e04939b2b12891.js:4)
  (anonymous function) (https://assets.adobedtm.com/0e7b672045ee83668b855f27c7ca513ce7c91250/satelliteLib-9879e8cf2873feb9f7f8a32cd2e04939b2b12891.js:3)
  (anonymous function) (https://assets.adobedtm.com/0e7b672045ee83668b855f27c7ca513ce7c91250/satelliteLib-9879e8cf2873feb9f7f8a32cd2e04939b2b12891.js:3)
  each (https://assets.adobedtm.com/0e7b672045ee83668b855f27c7ca513ce7c91250/satelliteLib-9879e8cf2873feb9f7f8a32cd2e04939b2b12891.js:2)
  executeCustomSetupFuns (https://assets.adobedtm.com/0e7b672045ee83668b855f27c7ca513ce7c91250/satelliteLib-9879e8cf2873feb9f7f8a32cd2e04939b2b12891.js:3)
  sendBeacon (https://assets.adobedtm.com/0e7b672045ee83668b855f27c7ca513ce7c91250/satelliteLib-9879e8cf2873feb9f7f8a32cd2e04939b2b12891.js:3)
  onSCodeLoaded (https://assets.adobedtm.com/0e7b672045ee83668b855f27c7ca513ce7c91250/satelliteLib-9879e8cf2873feb9f7f8a32cd2e04939b2b12891.js:3)
  (anonymous function) (https://assets.adobedtm.com/0e7b672045ee83668b855f27c7ca513ce7c91250/satelliteLib-9879e8cf2873feb9f7f8a32cd2e04939b2b12891.js:2)
  i (https://assets.adobedtm.com/0e7b672045ee83668b855f27c7ca513ce7c91250/satelliteLib-9879e8cf2873feb9f7f8a32cd2e04939b2b12891.js:2)
  onload (https://assets.adobedtm.com/0e7b672045ee83668b855f27c7ca513ce7c91250/satelliteLib-9879e8cf2873feb9f7f8a32cd2e04939b2b12891.js:2)

  :262 in error
[ERROR - 2017-01-25T05:00:52.487Z] Session [2c0d2700-e2bb-11e6-9374-2756403f6f89] - page.onError - msg: ReferenceError: Can't find variable: CQ

  :262 in error
[ERROR - 2017-01-25T05:00:52.487Z] Session [2c0d2700-e2bb-11e6-9374-2756403f6f89] - page.onError - stack:
  global code (https://www.hercrentals.com/etc/clientlibs/hercfoundation/js/multi-field.js:1)

  :262 in error
[ERROR - 2017-01-25T05:00:52.641Z] Session [2c0d2700-e2bb-11e6-9374-2756403f6f89] - page.onError - msg: TypeError: undefined is not a constructor (evaluating 'analyticsData.pageInfo.pageName.includes("needhelp")')

  :262 in error
[ERROR - 2017-01-25T05:00:52.641Z] Session [2c0d2700-e2bb-11e6-9374-2756403f6f89] - page.onError - stack:
  (anonymous function) (https://assets.adobedtm.com/0e7b672045ee83668b855f27c7ca513ce7c91250/satelliteLib-9879e8cf2873feb9f7f8a32cd2e04939b2b12891.js:4)
  (anonymous function) (https://assets.adobedtm.com/0e7b672045ee83668b855f27c7ca513ce7c91250/satelliteLib-9879e8cf2873feb9f7f8a32cd2e04939b2b12891.js:3)
  (anonymous function) (https://assets.adobedtm.com/0e7b672045ee83668b855f27c7ca513ce7c91250/satelliteLib-9879e8cf2873feb9f7f8a32cd2e04939b2b12891.js:3)
  each (https://assets.adobedtm.com/0e7b672045ee83668b855f27c7ca513ce7c91250/satelliteLib-9879e8cf2873feb9f7f8a32cd2e04939b2b12891.js:2)
  executeCustomSetupFuns (https://assets.adobedtm.com/0e7b672045ee83668b855f27c7ca513ce7c91250/satelliteLib-9879e8cf2873feb9f7f8a32cd2e04939b2b12891.js:3)
  sendBeacon (https://assets.adobedtm.com/0e7b672045ee83668b855f27c7ca513ce7c91250/satelliteLib-9879e8cf2873feb9f7f8a32cd2e04939b2b12891.js:3)
  onSCodeLoaded (https://assets.adobedtm.com/0e7b672045ee83668b855f27c7ca513ce7c91250/satelliteLib-9879e8cf2873feb9f7f8a32cd2e04939b2b12891.js:3)
  (anonymous function) (https://assets.adobedtm.com/0e7b672045ee83668b855f27c7ca513ce7c91250/satelliteLib-9879e8cf2873feb9f7f8a32cd2e04939b2b12891.js:2)
  i (https://assets.adobedtm.com/0e7b672045ee83668b855f27c7ca513ce7c91250/satelliteLib-9879e8cf2873feb9f7f8a32cd2e04939b2b12891.js:2)
  onload (https://assets.adobedtm.com/0e7b672045ee83668b855f27c7ca513ce7c91250/satelliteLib-9879e8cf2873feb9f7f8a32cd2e04939b2b12891.js:2)

  :262 in error
[ERROR - 2017-01-25T05:00:58.094Z] Session [2c0d2700-e2bb-11e6-9374-2756403f6f89] - page.onError - msg: ReferenceError: Can't find variable: CQ

  :262 in error
[ERROR - 2017-01-25T05:00:58.094Z] Session [2c0d2700-e2bb-11e6-9374-2756403f6f89] - page.onError - stack:
  global code (https://www.hercrentals.com/etc/clientlibs/hercfoundation/js/multi-field.js:1)

  :262 in error
[ERROR - 2017-01-25T05:00:58.246Z] Session [2c0d2700-e2bb-11e6-9374-2756403f6f89] - page.onError - msg: TypeError: undefined is not a constructor (evaluating 'analyticsData.pageInfo.pageName.includes("needhelp")')

  :262 in error
[ERROR - 2017-01-25T05:00:58.246Z] Session [2c0d2700-e2bb-11e6-9374-2756403f6f89] - page.onError - stack:
  (anonymous function) (https://assets.adobedtm.com/0e7b672045ee83668b855f27c7ca513ce7c91250/satelliteLib-9879e8cf2873feb9f7f8a32cd2e04939b2b12891.js:4)
  (anonymous function) (https://assets.adobedtm.com/0e7b672045ee83668b855f27c7ca513ce7c91250/satelliteLib-9879e8cf2873feb9f7f8a32cd2e04939b2b12891.js:3)
  (anonymous function) (https://assets.adobedtm.com/0e7b672045ee83668b855f27c7ca513ce7c91250/satelliteLib-9879e8cf2873feb9f7f8a32cd2e04939b2b12891.js:3)
  each (https://assets.adobedtm.com/0e7b672045ee83668b855f27c7ca513ce7c91250/satelliteLib-9879e8cf2873feb9f7f8a32cd2e04939b2b12891.js:2)
  executeCustomSetupFuns (https://assets.adobedtm.com/0e7b672045ee83668b855f27c7ca513ce7c91250/satelliteLib-9879e8cf2873feb9f7f8a32cd2e04939b2b12891.js:3)
  sendBeacon (https://assets.adobedtm.com/0e7b672045ee83668b855f27c7ca513ce7c91250/satelliteLib-9879e8cf2873feb9f7f8a32cd2e04939b2b12891.js:3)
  onSCodeLoaded (https://assets.adobedtm.com/0e7b672045ee83668b855f27c7ca513ce7c91250/satelliteLib-9879e8cf2873feb9f7f8a32cd2e04939b2b12891.js:3)
  (anonymous function) (https://assets.adobedtm.com/0e7b672045ee83668b855f27c7ca513ce7c91250/satelliteLib-9879e8cf2873feb9f7f8a32cd2e04939b2b12891.js:2)
  i (https://assets.adobedtm.com/0e7b672045ee83668b855f27c7ca513ce7c91250/satelliteLib-9879e8cf2873feb9f7f8a32cd2e04939b2b12891.js:2)
  onload (https://assets.adobedtm.com/0e7b672045ee83668b855f27c7ca513ce7c91250/satelliteLib-9879e8cf2873feb9f7f8a32cd2e04939b2b12891.js:2)

  :262 in error
